<?xml version="1.0" encoding="UTF-8"?>
<testsuite name="Academy Choucair" tests="1" skipped="0" failures="0" errors="0" timestamp="2021-02-18T20:14:40" hostname="DESKTOP-3L5QCDV" time="29.588">
  <properties/>
  <testcase name="Search for automation course" classname="Academy Choucair" time="29.588"/>
  <system-out><![CDATA[]]></system-out>
  <system-err><![CDATA[[Test worker] WARN net.thucydides.core.steps.BaseStepListener - stepStarted: net.thucydides.core.steps.ExecutedStepDescription@582bd68a
[Test worker] WARN net.thucydides.core.steps.BaseStepListener - stepStarted: net.thucydides.core.steps.ExecutedStepDescription@56283ee1
[Test worker] WARN net.thucydides.core.steps.BaseStepListener - stepStarted: net.thucydides.core.steps.ExecutedStepDescription@23843b55
feb. 18, 2021 3:14:41 P. M. org.openqa.selenium.remote.DesiredCapabilities chrome
INFORMACIÓN: Using `new ChromeOptions()` is preferred to `DesiredCapabilities.chrome()`
[Test worker] INFO net.serenitybdd.core.webdriver.driverproviders.ProvideNewDriver - Instantiating driver
[Test worker] INFO net.serenitybdd.core.webdriver.driverproviders.ProvideNewDriver - Driver capabilities: Capabilities {acceptInsecureCerts: false, browserName: chrome, chrome.switches: --start-maximized, goog:chromeOptions: {args: [--start-maximized], extensions: []}, loggingPrefs: org.openqa.selenium.logging..., platform: ANY, version: }
Starting ChromeDriver 88.0.4324.96 (68dba2d8a0b149a1d3afac56fa74648032bcf46b-refs/branch-heads/4324@{#1784}) on port 22852
Only local connections are allowed.
Please see https://chromedriver.chromium.org/security-considerations for suggestions on keeping ChromeDriver safe.
ChromeDriver was started successfully.
feb. 18, 2021 3:14:45 P. M. org.openqa.selenium.remote.ProtocolHandshake createSession
INFORMACIÓN: Detected dialect: W3C
[Test worker] WARN net.thucydides.core.steps.BaseStepListener - stepFinished: current outcome:Search for automation course:Given than Danna wants to learn automation at the academy choucair
| strUser | strPassword |
| 1085331400 | Choucair2021* | [Danna open up [Danna opens the Choucair academy page]]
[Test worker] WARN net.thucydides.core.steps.BaseStepListener - stepFinished: current outcome:Search for automation course:Given than Danna wants to learn automation at the academy choucair
| strUser | strPassword |
| 1085331400 | Choucair2021* | [Danna open up [Danna opens the Choucair academy page]]
[Test worker] WARN net.thucydides.core.steps.BaseStepListener - stepStarted: net.thucydides.core.steps.ExecutedStepDescription@2b470c64
[Test worker] WARN net.thucydides.core.steps.BaseStepListener - stepStarted: net.thucydides.core.steps.ExecutedStepDescription@614a0308
[Test worker] WARN net.thucydides.core.steps.BaseStepListener - stepFinished: current outcome:Search for automation course:Given than Danna wants to learn automation at the academy choucair
| strUser | strPassword |
| 1085331400 | Choucair2021* | [Danna open up [Danna opens the Choucair academy page], Danna login [Danna clicks on button that shows us the form to login]]
[Test worker] WARN net.thucydides.core.steps.BaseStepListener - stepStarted: net.thucydides.core.steps.ExecutedStepDescription@3f620c0
[Test worker] WARN net.thucydides.core.steps.BaseStepListener - stepFinished: current outcome:Search for automation course:Given than Danna wants to learn automation at the academy choucair
| strUser | strPassword |
| 1085331400 | Choucair2021* | [Danna open up [Danna opens the Choucair academy page], Danna login [Danna clicks on button that shows us the form to login, Danna enters '1085331400' into where do we write to user]]
[Test worker] WARN net.thucydides.core.steps.BaseStepListener - stepStarted: net.thucydides.core.steps.ExecutedStepDescription@550b38b
[Test worker] WARN net.thucydides.core.steps.BaseStepListener - stepFinished: current outcome:Search for automation course:Given than Danna wants to learn automation at the academy choucair
| strUser | strPassword |
| 1085331400 | Choucair2021* | [Danna open up [Danna opens the Choucair academy page], Danna login [Danna clicks on button that shows us the form to login, Danna enters '1085331400' into where do we write to user, Danna enters 'Choucair2021*' into where do we write to password]]
[Test worker] WARN net.thucydides.core.steps.BaseStepListener - stepStarted: net.thucydides.core.steps.ExecutedStepDescription@888e2cb
[Test worker] WARN net.thucydides.core.steps.BaseStepListener - stepFinished: current outcome:Search for automation course:Given than Danna wants to learn automation at the academy choucair
| strUser | strPassword |
| 1085331400 | Choucair2021* | [Danna open up [Danna opens the Choucair academy page], Danna login [Danna clicks on button that shows us the form to login, Danna enters '1085331400' into where do we write to user, Danna enters 'Choucair2021*' into where do we write to password, Danna clicks on button to confirm login]]
[Test worker] WARN net.thucydides.core.steps.BaseStepListener - stepFinished: current outcome:Search for automation course:Given than Danna wants to learn automation at the academy choucair
| strUser | strPassword |
| 1085331400 | Choucair2021* | [Danna open up [Danna opens the Choucair academy page], Danna login [Danna clicks on button that shows us the form to login, Danna enters '1085331400' into where do we write to user, Danna enters 'Choucair2021*' into where do we write to password, Danna clicks on button to confirm login]]
[Test worker] WARN net.thucydides.core.steps.BaseStepListener - stepFinished: current outcome:Search for automation course:Given than Danna wants to learn automation at the academy choucair
| strUser | strPassword |
| 1085331400 | Choucair2021* | [Danna open up [Danna opens the Choucair academy page], Danna login [Danna clicks on button that shows us the form to login, Danna enters '1085331400' into where do we write to user, Danna enters 'Choucair2021*' into where do we write to password, Danna clicks on button to confirm login]]
[Test worker] WARN net.thucydides.core.steps.BaseStepListener - stepStarted: net.thucydides.core.steps.ExecutedStepDescription@479d07a0
[Test worker] WARN net.thucydides.core.steps.BaseStepListener - stepStarted: net.thucydides.core.steps.ExecutedStepDescription@397c616c
[Test worker] WARN net.thucydides.core.steps.BaseStepListener - stepStarted: net.thucydides.core.steps.ExecutedStepDescription@a42315
[Test worker] WARN net.thucydides.core.steps.BaseStepListener - stepFinished: current outcome:Search for automation course:Given than Danna wants to learn automation at the academy choucair
| strUser | strPassword |
| 1085331400 | Choucair2021* | [Danna open up [Danna opens the Choucair academy page], Danna login [Danna clicks on button that shows us the form to login, Danna enters '1085331400' into where do we write to user, Danna enters 'Choucair2021*' into where do we write to password, Danna clicks on button to confirm login]], When she search for the course on the choucair academy platform
| strCourse |
| Patrones de Automatización | [Danna search [Danna clicks on Select Cursos y certificacioes]]
[Test worker] WARN net.thucydides.core.steps.BaseStepListener - stepStarted: net.thucydides.core.steps.ExecutedStepDescription@745a8b29
[Test worker] WARN net.thucydides.core.steps.BaseStepListener - stepFinished: current outcome:Search for automation course:Given than Danna wants to learn automation at the academy choucair
| strUser | strPassword |
| 1085331400 | Choucair2021* | [Danna open up [Danna opens the Choucair academy page], Danna login [Danna clicks on button that shows us the form to login, Danna enters '1085331400' into where do we write to user, Danna enters 'Choucair2021*' into where do we write to password, Danna clicks on button to confirm login]], When she search for the course on the choucair academy platform
| strCourse |
| Patrones de Automatización | [Danna search [Danna clicks on Select Cursos y certificacioes, Danna enters 'Patrones de Automatización' into Search course]]
[Test worker] WARN net.thucydides.core.steps.BaseStepListener - stepStarted: net.thucydides.core.steps.ExecutedStepDescription@64d45a16
[Test worker] WARN net.thucydides.core.steps.BaseStepListener - stepFinished: current outcome:Search for automation course:Given than Danna wants to learn automation at the academy choucair
| strUser | strPassword |
| 1085331400 | Choucair2021* | [Danna open up [Danna opens the Choucair academy page], Danna login [Danna clicks on button that shows us the form to login, Danna enters '1085331400' into where do we write to user, Danna enters 'Choucair2021*' into where do we write to password, Danna clicks on button to confirm login]], When she search for the course on the choucair academy platform
| strCourse |
| Patrones de Automatización | [Danna search [Danna clicks on Select Cursos y certificacioes, Danna enters 'Patrones de Automatización' into Search course, Danna clicks on Click to search course]]
[Test worker] WARN net.thucydides.core.steps.BaseStepListener - stepStarted: net.thucydides.core.steps.ExecutedStepDescription@4cc9d1db
[Test worker] WARN net.thucydides.core.steps.BaseStepListener - stepFinished: current outcome:Search for automation course:Given than Danna wants to learn automation at the academy choucair
| strUser | strPassword |
| 1085331400 | Choucair2021* | [Danna open up [Danna opens the Choucair academy page], Danna login [Danna clicks on button that shows us the form to login, Danna enters '1085331400' into where do we write to user, Danna enters 'Choucair2021*' into where do we write to password, Danna clicks on button to confirm login]], When she search for the course on the choucair academy platform
| strCourse |
| Patrones de Automatización | [Danna search [Danna clicks on Select Cursos y certificacioes, Danna enters 'Patrones de Automatización' into Search course, Danna clicks on Click to search course, Danna clicks on Click to search course]]
[Test worker] WARN net.thucydides.core.steps.BaseStepListener - stepFinished: current outcome:Search for automation course:Given than Danna wants to learn automation at the academy choucair
| strUser | strPassword |
| 1085331400 | Choucair2021* | [Danna open up [Danna opens the Choucair academy page], Danna login [Danna clicks on button that shows us the form to login, Danna enters '1085331400' into where do we write to user, Danna enters 'Choucair2021*' into where do we write to password, Danna clicks on button to confirm login]], When she search for the course on the choucair academy platform
| strCourse |
| Patrones de Automatización | [Danna search [Danna clicks on Select Cursos y certificacioes, Danna enters 'Patrones de Automatización' into Search course, Danna clicks on Click to search course, Danna clicks on Click to search course]]
[Test worker] WARN net.thucydides.core.steps.BaseStepListener - stepFinished: current outcome:Search for automation course:Given than Danna wants to learn automation at the academy choucair
| strUser | strPassword |
| 1085331400 | Choucair2021* | [Danna open up [Danna opens the Choucair academy page], Danna login [Danna clicks on button that shows us the form to login, Danna enters '1085331400' into where do we write to user, Danna enters 'Choucair2021*' into where do we write to password, Danna clicks on button to confirm login]], When she search for the course on the choucair academy platform
| strCourse |
| Patrones de Automatización | [Danna search [Danna clicks on Select Cursos y certificacioes, Danna enters 'Patrones de Automatización' into Search course, Danna clicks on Click to search course, Danna clicks on Click to search course]]
[Test worker] WARN net.thucydides.core.steps.BaseStepListener - stepStarted: net.thucydides.core.steps.ExecutedStepDescription@1b590758
[Test worker] WARN net.thucydides.core.steps.BaseStepListener - stepStarted: net.thucydides.core.steps.ExecutedStepDescription@63d612fc
[Test worker] WARN net.thucydides.core.steps.BaseStepListener - stepFinished: current outcome:Search for automation course:Given than Danna wants to learn automation at the academy choucair
| strUser | strPassword |
| 1085331400 | Choucair2021* | [Danna open up [Danna opens the Choucair academy page], Danna login [Danna clicks on button that shows us the form to login, Danna enters '1085331400' into where do we write to user, Danna enters 'Choucair2021*' into where do we write to password, Danna clicks on button to confirm login]], When she search for the course on the choucair academy platform
| strCourse |
| Patrones de Automatización | [Danna search [Danna clicks on Select Cursos y certificacioes, Danna enters 'Patrones de Automatización' into Search course, Danna clicks on Click to search course, Danna clicks on Click to search course]], Then she finds the course called resources
| strCourse |
| Patrones de Automatización | [Then answer]
[Test worker] WARN net.thucydides.core.steps.BaseStepListener - stepFinished: current outcome:Search for automation course:Given than Danna wants to learn automation at the academy choucair
| strUser | strPassword |
| 1085331400 | Choucair2021* | [Danna open up [Danna opens the Choucair academy page], Danna login [Danna clicks on button that shows us the form to login, Danna enters '1085331400' into where do we write to user, Danna enters 'Choucair2021*' into where do we write to password, Danna clicks on button to confirm login]], When she search for the course on the choucair academy platform
| strCourse |
| Patrones de Automatización | [Danna search [Danna clicks on Select Cursos y certificacioes, Danna enters 'Patrones de Automatización' into Search course, Danna clicks on Click to search course, Danna clicks on Click to search course]], Then she finds the course called resources
| strCourse |
| Patrones de Automatización | [Then answer]
[Test worker] WARN net.thucydides.core.steps.BaseStepListener - testFinished: Search for automation course:Given than Danna wants to learn automation at the academy choucair
| strUser | strPassword |
| 1085331400 | Choucair2021* | [Danna open up [Danna opens the Choucair academy page], Danna login [Danna clicks on button that shows us the form to login, Danna enters '1085331400' into where do we write to user, Danna enters 'Choucair2021*' into where do we write to password, Danna clicks on button to confirm login]], When she search for the course on the choucair academy platform
| strCourse |
| Patrones de Automatización | [Danna search [Danna clicks on Select Cursos y certificacioes, Danna enters 'Patrones de Automatización' into Search course, Danna clicks on Click to search course, Danna clicks on Click to search course]], Then she finds the course called resources
| strCourse |
| Patrones de Automatización | [Then answer]
[Test worker] WARN net.thucydides.core.steps.BaseStepListener - TestOutcomes: [Search for automation course:Given than Danna wants to learn automation at the academy choucair
| strUser | strPassword |
| 1085331400 | Choucair2021* | [Danna open up [Danna opens the Choucair academy page], Danna login [Danna clicks on button that shows us the form to login, Danna enters '1085331400' into where do we write to user, Danna enters 'Choucair2021*' into where do we write to password, Danna clicks on button to confirm login]], When she search for the course on the choucair academy platform
| strCourse |
| Patrones de Automatización | [Danna search [Danna clicks on Select Cursos y certificacioes, Danna enters 'Patrones de Automatización' into Search course, Danna clicks on Click to search course, Danna clicks on Click to search course]], Then she finds the course called resources
| strCourse |
| Patrones de Automatización | [Then answer]]
[Test worker] WARN net.thucydides.core.steps.BaseStepListener - Final testOutcomes: [Search for automation course:Given than Danna wants to learn automation at the academy choucair
| strUser | strPassword |
| 1085331400 | Choucair2021* | [Danna open up [Danna opens the Choucair academy page], Danna login [Danna clicks on button that shows us the form to login, Danna enters '1085331400' into where do we write to user, Danna enters 'Choucair2021*' into where do we write to password, Danna clicks on button to confirm login]], When she search for the course on the choucair academy platform
| strCourse |
| Patrones de Automatización | [Danna search [Danna clicks on Select Cursos y certificacioes, Danna enters 'Patrones de Automatización' into Search course, Danna clicks on Click to search course, Danna clicks on Click to search course]], Then she finds the course called resources
| strCourse |
| Patrones de Automatización | [Then answer]]
[Test worker] INFO net.thucydides.core.steps.ConsoleLoggingListener - 
        __    _____ _____ ____ _____   ____   _    ____  ____  _____ ____  
  _     \ \  |_   _| ____/ ___|_   _| |  _ \ / \  / ___|/ ___|| ____|  _ \ 
 (_)_____| |   | | |  _| \___ \ | |   | |_) / _ \ \___ \\___ \|  _| | | | |
  _|_____| |   | | | |___ ___) || |   |  __/ ___ \ ___) |___) | |___| |_| |
 (_)     | |   |_| |_____|____/ |_|   |_| /_/   \_\____/|____/|_____|____/ 
        /_/                                                                

TEST PASSED: Search for automation course
----------------------------------------------------------------------------
]]></system-err>
</testsuite>
